2022-12-01 12:20:14.264 | INFO     | common.base_api:__init__:15 - 正在连接数据库,数据库地址=localhost,用户名=root,数据库密码=root,数据库名称=testbase
2022-12-01 12:20:14.275 | SUCCESS  | common.base_api:__init__:27 - 连接数据库成功
2022-12-01 12:20:14.300 | SUCCESS  | common.base_api:select_all:61 - 执行查询SQL语句:select * from testcase_cjxm
2022-12-01 12:20:14.300 | SUCCESS  | common.base_api:select_all:66 - 数据库返回查询数据:[{'case_id': 1, 'case_num': 'test_CJXM_001', 'title': '注册接口', 'url': '/api/user/user_reg', 'method': 'POST', 'body': "{'username':'abctest','pwd':'Aa123456','cpwd':'Aa123456'}", 'headers': None, 'assert': "{'error_code':0},{'error_code':3005}", 'status': '200', 'token': None}, {'case_id': 2, 'case_num': 'test_CJXM_002', 'title': '登录', 'url': '/api/user/login', 'method': 'POST', 'body': "{ 'username': 'mytest','passwd': 'Abc123'}", 'headers': None, 'assert': "{'error_code':0}", 'status': '200', 'token': None}, {'case_id': 3, 'case_num': 'test_CJXM_003', 'title': '添加奖品(需上传文件)', 'url': '/api/product/add', 'method': 'POST', 'body': "{'name': '奖品名字2020', 'sign': 'b44109efbfe1007c1ad93a757d78e459', 'userid': '78926'}", 'headers': None, 'assert': "{'msg':'必须是管理员才可以添加奖品'}", 'status': '200', 'token': None}, {'case_id': 4, 'case_num': 'test_CJXM_004', 'title': '抽奖接口', 'url': '/api/product/choice', 'method': 'GET', 'body': "{'sign': 'b44109efbfe1007c1ad93a757d78e459', 'userid': '78926'}", 'headers': None, 'assert': "{'error_code':0},{'error_code':1099}", 'status': '200', 'token': None}, {'case_id': 5, 'case_num': 'test_CJXM_005', 'title': '查看中奖记录', 'url': '/api/user/win_record', 'method': 'GET', 'body': "{'sign': 'b44109efbfe1007c1ad93a757d78e459', 'userid': '78926'}", 'headers': None, 'assert': "{'error_code':0}", 'status': '200', 'token': None}, {'case_id': 6, 'case_num': 'test_CJXM_006', 'title': '获取所有奖品信息', 'url': '/api/product/all', 'method': 'GET', 'body': None, 'headers': None, 'assert': "{'error_code':0}", 'status': '200', 'token': None}]
2022-12-01 12:20:14.301 | SUCCESS  | common.base_api:close_base:36 - 关闭数据库成功
2022-12-01 12:20:14.304 | INFO     | common.base_api:__init__:15 - 正在连接数据库,数据库地址=localhost,用户名=root,数据库密码=root,数据库名称=testbase
2022-12-01 12:20:14.316 | SUCCESS  | common.base_api:__init__:27 - 连接数据库成功
2022-12-01 12:20:14.327 | SUCCESS  | common.base_api:select_all:61 - 执行查询SQL语句:select * from testcase_ndxs
2022-12-01 12:20:14.329 | SUCCESS  | common.base_api:select_all:66 - 数据库返回查询数据:[{'case_id': 1, 'case_num': 'test_NDXS_001', 'title': '获取学生信息', 'url': '/api/user/stu_info', 'method': 'GET', 'body': "{'stu_name':'小草'}", 'headers': None, 'assert': "{'error_code':0}", 'status': None, 'token': None}, {'case_id': 2, 'case_num': 'test_NDXS_002', 'title': '登录', 'url': '/api/user/login', 'method': 'POST', 'body': "{'username':'mytest','passwd':'Abc123'}", 'headers': None, 'assert': "{'error_code':0}", 'status': None, 'token': None}, {'case_id': 3, 'case_num': 'test_NDXS_003', 'title': '添加学生信息', 'url': '/api/user/add_stu', 'method': 'POST', 'body': "{'name': 'mytest', 'grade': '计算机2020班', 'phone': '13512341234'}", 'headers': None, 'assert': "{'msg':'手机号已经存在'}", 'status': None, 'token': ''}, {'case_id': 4, 'case_num': 'test_NDXS_004', 'title': '学生金币充值', 'url': '/api/user/gold_add', 'method': 'POST', 'body': "{'stu_id':'100002630','gold': 1}", 'headers': None, 'assert': "{'msg':'请登陆'}", 'status': None, 'token': 'b44109efbfe1007c1ad93a757d78e459'}, {'case_id': 5, 'case_num': 'test_NDXS_005', 'title': '获取所有学生信息', 'url': '/api/user/all_stu', 'method': 'GET', 'body': None, 'headers': "{'Referer':'http://api.nnzhp.cn/'}", 'assert': None, 'status': None, 'token': None}, {'case_id': 6, 'case_num': 'test_NDXS_006', 'title': '文件上传', 'url': '/api/file/file_upload', 'method': 'POST', 'body': None, 'headers': None, 'assert': "{'msg':'操作成功'}", 'status': None, 'token': None}]
2022-12-01 12:20:14.330 | SUCCESS  | common.base_api:close_base:36 - 关闭数据库成功
2022-12-01 12:20:14.339 | INFO     | common.requests_api:auto_request:29 - 开始请求接口:http://api.nnzhp.cn/api/user/login
2022-12-01 12:20:14.458 | SUCCESS  | common.requests_api:auto_request:35 - 接口请求成功，等待返回数据。请求URL:http://api.nnzhp.cn/api/user/login
2022-12-01 12:20:14.459 | SUCCESS  | common.requests_api:auto_request:47 - 接口请求执行成功，返回数据成功
2022-12-01 12:20:14.459 | INFO     | common.requests_api:auto_request:51 - 接口执行完毕
2022-12-01 12:20:14.522 | INFO     | common.requests_api:auto_request:29 - 开始请求接口:http://api.nnzhp.cn/api/user/login
2022-12-01 12:20:14.616 | SUCCESS  | common.requests_api:auto_request:35 - 接口请求成功，等待返回数据。请求URL:http://api.nnzhp.cn/api/user/login
2022-12-01 12:20:14.616 | SUCCESS  | common.requests_api:auto_request:47 - 接口请求执行成功，返回数据成功
2022-12-01 12:20:14.617 | INFO     | common.requests_api:auto_request:51 - 接口执行完毕
2022-12-01 12:20:14.649 | INFO     | common.requests_api:auto_request:29 - 开始请求接口:http://api.nnzhp.cn/api/user/login
2022-12-01 12:20:14.722 | SUCCESS  | common.requests_api:auto_request:35 - 接口请求成功，等待返回数据。请求URL:http://api.nnzhp.cn/api/user/login
2022-12-01 12:20:14.723 | SUCCESS  | common.requests_api:auto_request:47 - 接口请求执行成功，返回数据成功
2022-12-01 12:20:14.723 | INFO     | common.requests_api:auto_request:51 - 接口执行完毕
2022-12-01 12:20:14.740 | INFO     | common.requests_api:auto_request:29 - 开始请求接口:http://api.nnzhp.cn/api/user/login
2022-12-01 12:20:14.833 | SUCCESS  | common.requests_api:auto_request:35 - 接口请求成功，等待返回数据。请求URL:http://api.nnzhp.cn/api/user/login
2022-12-01 12:20:14.833 | SUCCESS  | common.requests_api:auto_request:47 - 接口请求执行成功，返回数据成功
2022-12-01 12:20:14.834 | INFO     | common.requests_api:auto_request:51 - 接口执行完毕
2022-12-01 12:20:14.849 | INFO     | common.requests_api:auto_request:29 - 开始请求接口:http://api.nnzhp.cn/api/user/login
2022-12-01 12:20:14.942 | SUCCESS  | common.requests_api:auto_request:35 - 接口请求成功，等待返回数据。请求URL:http://api.nnzhp.cn/api/user/login
2022-12-01 12:20:14.943 | SUCCESS  | common.requests_api:auto_request:47 - 接口请求执行成功，返回数据成功
2022-12-01 12:20:14.943 | INFO     | common.requests_api:auto_request:51 - 接口执行完毕
2022-12-01 12:20:14.957 | INFO     | common.requests_api:auto_request:29 - 开始请求接口:http://api.nnzhp.cn/api/product/all
2022-12-01 12:20:15.049 | SUCCESS  | common.requests_api:auto_request:32 - 接口请求成功，等待返回数据。请求URL:http://api.nnzhp.cn/api/product/all
2022-12-01 12:20:15.049 | SUCCESS  | common.requests_api:auto_request:43 - 接口请求执行成功，返回数据成功
2022-12-01 12:20:15.050 | INFO     | common.requests_api:auto_request:51 - 接口执行完毕
2022-12-01 12:20:15.061 | INFO     | common.requests_api:auto_request:29 - 开始请求接口:http://api.nnzhp.cn/api/product/add
2022-12-01 12:20:15.212 | SUCCESS  | common.requests_api:auto_request:35 - 接口请求成功，等待返回数据。请求URL:http://api.nnzhp.cn/api/product/add
2022-12-01 12:20:15.212 | SUCCESS  | common.requests_api:auto_request:47 - 接口请求执行成功，返回数据成功
2022-12-01 12:20:15.212 | INFO     | common.requests_api:auto_request:51 - 接口执行完毕
2022-12-01 12:20:15.237 | INFO     | common.requests_api:auto_request:29 - 开始请求接口:http://api.nnzhp.cn/api/user/user_reg
2022-12-01 12:20:15.307 | SUCCESS  | common.requests_api:auto_request:35 - 接口请求成功，等待返回数据。请求URL:http://api.nnzhp.cn/api/user/user_reg
2022-12-01 12:20:15.307 | SUCCESS  | common.requests_api:auto_request:47 - 接口请求执行成功，返回数据成功
2022-12-01 12:20:15.308 | INFO     | common.requests_api:auto_request:51 - 接口执行完毕
2022-12-01 12:20:15.356 | INFO     | common.requests_api:auto_request:29 - 开始请求接口:http://api.nnzhp.cn/api/user/login
2022-12-01 12:20:15.424 | SUCCESS  | common.requests_api:auto_request:35 - 接口请求成功，等待返回数据。请求URL:http://api.nnzhp.cn/api/user/login
2022-12-01 12:20:15.425 | SUCCESS  | common.requests_api:auto_request:47 - 接口请求执行成功，返回数据成功
2022-12-01 12:20:15.425 | INFO     | common.requests_api:auto_request:51 - 接口执行完毕
2022-12-01 12:20:15.454 | INFO     | common.requests_api:auto_request:29 - 开始请求接口:http://api.nnzhp.cn/api/user/login
2022-12-01 12:20:15.535 | SUCCESS  | common.requests_api:auto_request:35 - 接口请求成功，等待返回数据。请求URL:http://api.nnzhp.cn/api/user/login
2022-12-01 12:20:15.535 | SUCCESS  | common.requests_api:auto_request:47 - 接口请求执行成功，返回数据成功
2022-12-01 12:20:15.535 | INFO     | common.requests_api:auto_request:51 - 接口执行完毕
2022-12-01 12:20:15.547 | INFO     | common.requests_api:auto_request:29 - 开始请求接口:http://api.nnzhp.cn/api/user/login
2022-12-01 12:20:15.642 | SUCCESS  | common.requests_api:auto_request:35 - 接口请求成功，等待返回数据。请求URL:http://api.nnzhp.cn/api/user/login
2022-12-01 12:20:15.642 | SUCCESS  | common.requests_api:auto_request:47 - 接口请求执行成功，返回数据成功
2022-12-01 12:20:15.642 | INFO     | common.requests_api:auto_request:51 - 接口执行完毕
2022-12-01 12:20:15.653 | INFO     | common.requests_api:auto_request:29 - 开始请求接口:http://api.nnzhp.cn/api/user/login
2022-12-01 12:20:15.730 | SUCCESS  | common.requests_api:auto_request:35 - 接口请求成功，等待返回数据。请求URL:http://api.nnzhp.cn/api/user/login
2022-12-01 12:20:15.730 | SUCCESS  | common.requests_api:auto_request:47 - 接口请求执行成功，返回数据成功
2022-12-01 12:20:15.730 | INFO     | common.requests_api:auto_request:51 - 接口执行完毕
2022-12-01 12:20:15.747 | INFO     | common.requests_api:auto_request:29 - 开始请求接口:http://api.nnzhp.cn/api/user/login
2022-12-01 12:20:15.836 | SUCCESS  | common.requests_api:auto_request:35 - 接口请求成功，等待返回数据。请求URL:http://api.nnzhp.cn/api/user/login
2022-12-01 12:20:15.837 | SUCCESS  | common.requests_api:auto_request:47 - 接口请求执行成功，返回数据成功
2022-12-01 12:20:15.837 | INFO     | common.requests_api:auto_request:51 - 接口执行完毕
2022-12-01 12:20:15.851 | INFO     | common.requests_api:auto_request:29 - 开始请求接口:http://api.nnzhp.cn/api/product/all
2022-12-01 12:20:15.927 | SUCCESS  | common.requests_api:auto_request:32 - 接口请求成功，等待返回数据。请求URL:http://api.nnzhp.cn/api/product/all
2022-12-01 12:20:15.927 | SUCCESS  | common.requests_api:auto_request:43 - 接口请求执行成功，返回数据成功
2022-12-01 12:20:15.927 | INFO     | common.requests_api:auto_request:51 - 接口执行完毕
2022-12-01 12:20:15.928 | INFO     | common.requests_api:auto_request:29 - 开始请求接口:http://api.nnzhp.cn/api/product/add
2022-12-01 12:20:16.119 | SUCCESS  | common.requests_api:auto_request:35 - 接口请求成功，等待返回数据。请求URL:http://api.nnzhp.cn/api/product/add
2022-12-01 12:20:16.119 | SUCCESS  | common.requests_api:auto_request:47 - 接口请求执行成功，返回数据成功
2022-12-01 12:20:16.120 | INFO     | common.requests_api:auto_request:51 - 接口执行完毕
2022-12-01 12:20:16.145 | INFO     | common.requests_api:auto_request:29 - 开始请求接口:http://api.nnzhp.cn/api/user/user_reg
2022-12-01 12:20:16.245 | SUCCESS  | common.requests_api:auto_request:35 - 接口请求成功，等待返回数据。请求URL:http://api.nnzhp.cn/api/user/user_reg
2022-12-01 12:20:16.245 | SUCCESS  | common.requests_api:auto_request:47 - 接口请求执行成功，返回数据成功
2022-12-01 12:20:16.245 | INFO     | common.requests_api:auto_request:51 - 接口执行完毕
2022-12-01 12:20:16.270 | INFO     | common.requests_api:auto_request:29 - 开始请求接口:http://api.nnzhp.cn/api/user/login
2022-12-01 12:20:16.360 | SUCCESS  | common.requests_api:auto_request:35 - 接口请求成功，等待返回数据。请求URL:http://api.nnzhp.cn/api/user/login
2022-12-01 12:20:16.360 | SUCCESS  | common.requests_api:auto_request:47 - 接口请求执行成功，返回数据成功
2022-12-01 12:20:16.361 | INFO     | common.requests_api:auto_request:51 - 接口执行完毕
2022-12-01 12:20:16.393 | INFO     | common.requests_api:auto_request:29 - 开始请求接口:http://api.nnzhp.cn/api/user/login
2022-12-01 12:20:16.502 | SUCCESS  | common.requests_api:auto_request:35 - 接口请求成功，等待返回数据。请求URL:http://api.nnzhp.cn/api/user/login
2022-12-01 12:20:16.502 | SUCCESS  | common.requests_api:auto_request:47 - 接口请求执行成功，返回数据成功
2022-12-01 12:20:16.502 | INFO     | common.requests_api:auto_request:51 - 接口执行完毕
2022-12-01 12:20:16.514 | INFO     | common.requests_api:auto_request:29 - 开始请求接口:http://api.nnzhp.cn/api/user/login
2022-12-01 12:20:16.610 | SUCCESS  | common.requests_api:auto_request:35 - 接口请求成功，等待返回数据。请求URL:http://api.nnzhp.cn/api/user/login
2022-12-01 12:20:16.610 | SUCCESS  | common.requests_api:auto_request:47 - 接口请求执行成功，返回数据成功
2022-12-01 12:20:16.611 | INFO     | common.requests_api:auto_request:51 - 接口执行完毕
2022-12-01 12:20:16.627 | INFO     | common.requests_api:auto_request:29 - 开始请求接口:http://api.nnzhp.cn/api/user/login
2022-12-01 12:20:16.717 | SUCCESS  | common.requests_api:auto_request:35 - 接口请求成功，等待返回数据。请求URL:http://api.nnzhp.cn/api/user/login
2022-12-01 12:20:16.717 | SUCCESS  | common.requests_api:auto_request:47 - 接口请求执行成功，返回数据成功
2022-12-01 12:20:16.718 | INFO     | common.requests_api:auto_request:51 - 接口执行完毕
2022-12-01 12:20:16.733 | INFO     | common.requests_api:auto_request:29 - 开始请求接口:http://api.nnzhp.cn/api/user/login
2022-12-01 12:20:16.825 | SUCCESS  | common.requests_api:auto_request:35 - 接口请求成功，等待返回数据。请求URL:http://api.nnzhp.cn/api/user/login
2022-12-01 12:20:16.825 | SUCCESS  | common.requests_api:auto_request:47 - 接口请求执行成功，返回数据成功
2022-12-01 12:20:16.826 | INFO     | common.requests_api:auto_request:51 - 接口执行完毕
2022-12-01 12:20:16.842 | INFO     | common.requests_api:auto_request:29 - 开始请求接口:http://api.nnzhp.cn/api/product/all
2022-12-01 12:20:16.943 | SUCCESS  | common.requests_api:auto_request:32 - 接口请求成功，等待返回数据。请求URL:http://api.nnzhp.cn/api/product/all
2022-12-01 12:20:16.943 | SUCCESS  | common.requests_api:auto_request:43 - 接口请求执行成功，返回数据成功
2022-12-01 12:20:16.943 | INFO     | common.requests_api:auto_request:51 - 接口执行完毕
2022-12-01 12:20:16.944 | INFO     | common.requests_api:auto_request:29 - 开始请求接口:http://api.nnzhp.cn/api/product/add
2022-12-01 12:20:17.134 | SUCCESS  | common.requests_api:auto_request:35 - 接口请求成功，等待返回数据。请求URL:http://api.nnzhp.cn/api/product/add
2022-12-01 12:20:17.134 | SUCCESS  | common.requests_api:auto_request:47 - 接口请求执行成功，返回数据成功
2022-12-01 12:20:17.135 | INFO     | common.requests_api:auto_request:51 - 接口执行完毕
2022-12-01 12:20:17.150 | INFO     | common.requests_api:auto_request:29 - 开始请求接口:http://api.nnzhp.cn/api/user/user_reg
2022-12-01 12:20:17.216 | SUCCESS  | common.requests_api:auto_request:35 - 接口请求成功，等待返回数据。请求URL:http://api.nnzhp.cn/api/user/user_reg
2022-12-01 12:20:17.216 | SUCCESS  | common.requests_api:auto_request:47 - 接口请求执行成功，返回数据成功
2022-12-01 12:20:17.216 | INFO     | common.requests_api:auto_request:51 - 接口执行完毕
2022-12-01 12:26:56.398 | INFO     | common.base_api:__init__:15 - 正在连接数据库,数据库地址=localhost,用户名=root,数据库密码=root,数据库名称=testbase
2022-12-01 12:26:56.424 | SUCCESS  | common.base_api:__init__:27 - 连接数据库成功
2022-12-01 12:26:56.425 | SUCCESS  | common.base_api:select_all:61 - 执行查询SQL语句:select * from testcase_cjxm
2022-12-01 12:26:56.426 | SUCCESS  | common.base_api:select_all:66 - 数据库返回查询数据:[{'case_id': 1, 'case_num': 'test_CJXM_001', 'title': '注册接口', 'url': '/api/user/user_reg', 'method': 'POST', 'body': "{'username':'abctest','pwd':'Aa123456','cpwd':'Aa123456'}", 'headers': None, 'assert': "{'error_code':0},{'error_code':3005}", 'status': '200', 'token': None}, {'case_id': 2, 'case_num': 'test_CJXM_002', 'title': '登录', 'url': '/api/user/login', 'method': 'POST', 'body': "{ 'username': 'mytest','passwd': 'Abc123'}", 'headers': None, 'assert': "{'error_code':0}", 'status': '200', 'token': None}, {'case_id': 3, 'case_num': 'test_CJXM_003', 'title': '添加奖品(需上传文件)', 'url': '/api/product/add', 'method': 'POST', 'body': "{'name': '奖品名字2020', 'sign': 'b44109efbfe1007c1ad93a757d78e459', 'userid': '78926'}", 'headers': None, 'assert': "{'msg':'必须是管理员才可以添加奖品'}", 'status': '200', 'token': None}, {'case_id': 4, 'case_num': 'test_CJXM_004', 'title': '抽奖接口', 'url': '/api/product/choice', 'method': 'GET', 'body': "{'sign': 'b44109efbfe1007c1ad93a757d78e459', 'userid': '78926'}", 'headers': None, 'assert': "{'error_code':0},{'error_code':1099}", 'status': '200', 'token': None}, {'case_id': 5, 'case_num': 'test_CJXM_005', 'title': '查看中奖记录', 'url': '/api/user/win_record', 'method': 'GET', 'body': "{'sign': 'b44109efbfe1007c1ad93a757d78e459', 'userid': '78926'}", 'headers': None, 'assert': "{'error_code':0}", 'status': '200', 'token': None}, {'case_id': 6, 'case_num': 'test_CJXM_006', 'title': '获取所有奖品信息', 'url': '/api/product/all', 'method': 'GET', 'body': None, 'headers': None, 'assert': "{'error_code':0}", 'status': '200', 'token': None}]
2022-12-01 12:26:56.426 | SUCCESS  | common.base_api:close_base:36 - 关闭数据库成功
2022-12-01 12:26:56.428 | INFO     | common.base_api:__init__:15 - 正在连接数据库,数据库地址=localhost,用户名=root,数据库密码=root,数据库名称=testbase
2022-12-01 12:26:56.455 | SUCCESS  | common.base_api:__init__:27 - 连接数据库成功
2022-12-01 12:26:56.457 | SUCCESS  | common.base_api:select_all:61 - 执行查询SQL语句:select * from testcase_ndxs
2022-12-01 12:26:56.457 | SUCCESS  | common.base_api:select_all:66 - 数据库返回查询数据:[{'case_id': 1, 'case_num': 'test_NDXS_001', 'title': '获取学生信息', 'url': '/api/user/stu_info', 'method': 'GET', 'body': "{'stu_name':'小草'}", 'headers': None, 'assert': "{'error_code':0}", 'status': None, 'token': None}, {'case_id': 2, 'case_num': 'test_NDXS_002', 'title': '登录', 'url': '/api/user/login', 'method': 'POST', 'body': "{'username':'mytest','passwd':'Abc123'}", 'headers': None, 'assert': "{'error_code':0}", 'status': None, 'token': None}, {'case_id': 3, 'case_num': 'test_NDXS_003', 'title': '添加学生信息', 'url': '/api/user/add_stu', 'method': 'POST', 'body': "{'name': 'mytest', 'grade': '计算机2020班', 'phone': '13512341234'}", 'headers': None, 'assert': "{'msg':'手机号已经存在'}", 'status': None, 'token': ''}, {'case_id': 4, 'case_num': 'test_NDXS_004', 'title': '学生金币充值', 'url': '/api/user/gold_add', 'method': 'POST', 'body': "{'stu_id':'100002630','gold': 1}", 'headers': None, 'assert': "{'msg':'请登陆'}", 'status': None, 'token': 'b44109efbfe1007c1ad93a757d78e459'}, {'case_id': 5, 'case_num': 'test_NDXS_005', 'title': '获取所有学生信息', 'url': '/api/user/all_stu', 'method': 'GET', 'body': None, 'headers': "{'Referer':'http://api.nnzhp.cn/'}", 'assert': None, 'status': None, 'token': None}, {'case_id': 6, 'case_num': 'test_NDXS_006', 'title': '文件上传', 'url': '/api/file/file_upload', 'method': 'POST', 'body': None, 'headers': None, 'assert': "{'msg':'操作成功'}", 'status': None, 'token': None}]
2022-12-01 12:26:56.458 | SUCCESS  | common.base_api:close_base:36 - 关闭数据库成功
2022-12-01 12:26:56.463 | INFO     | common.requests_api:auto_request:29 - 开始请求接口:http://api.nnzhp.cn/api/user/login
2022-12-01 12:26:56.548 | SUCCESS  | common.requests_api:auto_request:35 - 接口请求成功，等待返回数据。请求URL:http://api.nnzhp.cn/api/user/login
2022-12-01 12:26:56.548 | SUCCESS  | common.requests_api:auto_request:47 - 接口请求执行成功，返回数据成功
2022-12-01 12:26:56.549 | INFO     | common.requests_api:auto_request:51 - 接口执行完毕
2022-12-01 12:26:56.580 | INFO     | common.requests_api:auto_request:29 - 开始请求接口:http://api.nnzhp.cn/api/user/login
2022-12-01 12:26:56.676 | SUCCESS  | common.requests_api:auto_request:35 - 接口请求成功，等待返回数据。请求URL:http://api.nnzhp.cn/api/user/login
2022-12-01 12:26:56.678 | SUCCESS  | common.requests_api:auto_request:47 - 接口请求执行成功，返回数据成功
2022-12-01 12:26:56.678 | INFO     | common.requests_api:auto_request:51 - 接口执行完毕
2022-12-01 12:26:56.689 | INFO     | common.requests_api:auto_request:29 - 开始请求接口:http://api.nnzhp.cn/api/user/login
2022-12-01 12:26:56.783 | SUCCESS  | common.requests_api:auto_request:35 - 接口请求成功，等待返回数据。请求URL:http://api.nnzhp.cn/api/user/login
2022-12-01 12:26:56.783 | SUCCESS  | common.requests_api:auto_request:47 - 接口请求执行成功，返回数据成功
2022-12-01 12:26:56.784 | INFO     | common.requests_api:auto_request:51 - 接口执行完毕
2022-12-01 12:26:56.799 | INFO     | common.requests_api:auto_request:29 - 开始请求接口:http://api.nnzhp.cn/api/user/login
2022-12-01 12:26:56.892 | SUCCESS  | common.requests_api:auto_request:35 - 接口请求成功，等待返回数据。请求URL:http://api.nnzhp.cn/api/user/login
2022-12-01 12:26:56.892 | SUCCESS  | common.requests_api:auto_request:47 - 接口请求执行成功，返回数据成功
2022-12-01 12:26:56.893 | INFO     | common.requests_api:auto_request:51 - 接口执行完毕
2022-12-01 12:26:56.908 | INFO     | common.requests_api:auto_request:29 - 开始请求接口:http://api.nnzhp.cn/api/user/login
2022-12-01 12:26:56.977 | SUCCESS  | common.requests_api:auto_request:35 - 接口请求成功，等待返回数据。请求URL:http://api.nnzhp.cn/api/user/login
2022-12-01 12:26:56.977 | SUCCESS  | common.requests_api:auto_request:47 - 接口请求执行成功，返回数据成功
2022-12-01 12:26:56.977 | INFO     | common.requests_api:auto_request:51 - 接口执行完毕
2022-12-01 12:26:56.998 | INFO     | common.requests_api:auto_request:29 - 开始请求接口:http://api.nnzhp.cn/api/product/all
2022-12-01 12:26:57.075 | SUCCESS  | common.requests_api:auto_request:32 - 接口请求成功，等待返回数据。请求URL:http://api.nnzhp.cn/api/product/all
2022-12-01 12:26:57.075 | SUCCESS  | common.requests_api:auto_request:43 - 接口请求执行成功，返回数据成功
2022-12-01 12:26:57.076 | INFO     | common.requests_api:auto_request:51 - 接口执行完毕
2022-12-01 12:26:57.078 | INFO     | common.requests_api:auto_request:29 - 开始请求接口:http://api.nnzhp.cn/api/product/add
2022-12-01 12:26:57.247 | SUCCESS  | common.requests_api:auto_request:35 - 接口请求成功，等待返回数据。请求URL:http://api.nnzhp.cn/api/product/add
2022-12-01 12:26:57.248 | SUCCESS  | common.requests_api:auto_request:47 - 接口请求执行成功，返回数据成功
2022-12-01 12:26:57.248 | INFO     | common.requests_api:auto_request:51 - 接口执行完毕
2022-12-01 12:26:57.261 | INFO     | common.requests_api:auto_request:29 - 开始请求接口:http://api.nnzhp.cn/api/user/user_reg
2022-12-01 12:26:57.355 | SUCCESS  | common.requests_api:auto_request:35 - 接口请求成功，等待返回数据。请求URL:http://api.nnzhp.cn/api/user/user_reg
2022-12-01 12:26:57.356 | SUCCESS  | common.requests_api:auto_request:47 - 接口请求执行成功，返回数据成功
2022-12-01 12:26:57.356 | INFO     | common.requests_api:auto_request:51 - 接口执行完毕
2022-12-01 12:26:57.393 | INFO     | common.requests_api:auto_request:29 - 开始请求接口:http://api.nnzhp.cn/api/user/login
2022-12-01 12:26:57.491 | SUCCESS  | common.requests_api:auto_request:35 - 接口请求成功，等待返回数据。请求URL:http://api.nnzhp.cn/api/user/login
2022-12-01 12:26:57.491 | SUCCESS  | common.requests_api:auto_request:47 - 接口请求执行成功，返回数据成功
2022-12-01 12:26:57.491 | INFO     | common.requests_api:auto_request:51 - 接口执行完毕
2022-12-01 12:26:57.508 | INFO     | common.requests_api:auto_request:29 - 开始请求接口:http://api.nnzhp.cn/api/user/login
2022-12-01 12:26:57.584 | SUCCESS  | common.requests_api:auto_request:35 - 接口请求成功，等待返回数据。请求URL:http://api.nnzhp.cn/api/user/login
2022-12-01 12:26:57.584 | SUCCESS  | common.requests_api:auto_request:47 - 接口请求执行成功，返回数据成功
2022-12-01 12:26:57.584 | INFO     | common.requests_api:auto_request:51 - 接口执行完毕
2022-12-01 12:26:57.600 | INFO     | common.requests_api:auto_request:29 - 开始请求接口:http://api.nnzhp.cn/api/user/login
2022-12-01 12:26:57.694 | SUCCESS  | common.requests_api:auto_request:35 - 接口请求成功，等待返回数据。请求URL:http://api.nnzhp.cn/api/user/login
2022-12-01 12:26:57.694 | SUCCESS  | common.requests_api:auto_request:47 - 接口请求执行成功，返回数据成功
2022-12-01 12:26:57.695 | INFO     | common.requests_api:auto_request:51 - 接口执行完毕
2022-12-01 12:26:57.707 | INFO     | common.requests_api:auto_request:29 - 开始请求接口:http://api.nnzhp.cn/api/user/login
2022-12-01 12:26:57.801 | SUCCESS  | common.requests_api:auto_request:35 - 接口请求成功，等待返回数据。请求URL:http://api.nnzhp.cn/api/user/login
2022-12-01 12:26:57.801 | SUCCESS  | common.requests_api:auto_request:47 - 接口请求执行成功，返回数据成功
2022-12-01 12:26:57.802 | INFO     | common.requests_api:auto_request:51 - 接口执行完毕
2022-12-01 12:26:57.815 | INFO     | common.requests_api:auto_request:29 - 开始请求接口:http://api.nnzhp.cn/api/user/login
2022-12-01 12:26:57.901 | SUCCESS  | common.requests_api:auto_request:35 - 接口请求成功，等待返回数据。请求URL:http://api.nnzhp.cn/api/user/login
2022-12-01 12:26:57.901 | SUCCESS  | common.requests_api:auto_request:47 - 接口请求执行成功，返回数据成功
2022-12-01 12:26:57.901 | INFO     | common.requests_api:auto_request:51 - 接口执行完毕
2022-12-01 12:26:57.921 | INFO     | common.requests_api:auto_request:29 - 开始请求接口:http://api.nnzhp.cn/api/product/all
2022-12-01 12:26:58.014 | SUCCESS  | common.requests_api:auto_request:32 - 接口请求成功，等待返回数据。请求URL:http://api.nnzhp.cn/api/product/all
2022-12-01 12:26:58.015 | SUCCESS  | common.requests_api:auto_request:43 - 接口请求执行成功，返回数据成功
2022-12-01 12:26:58.016 | INFO     | common.requests_api:auto_request:51 - 接口执行完毕
2022-12-01 12:26:58.017 | INFO     | common.requests_api:auto_request:29 - 开始请求接口:http://api.nnzhp.cn/api/product/add
2022-12-01 12:26:58.190 | SUCCESS  | common.requests_api:auto_request:35 - 接口请求成功，等待返回数据。请求URL:http://api.nnzhp.cn/api/product/add
2022-12-01 12:26:58.190 | SUCCESS  | common.requests_api:auto_request:47 - 接口请求执行成功，返回数据成功
2022-12-01 12:26:58.191 | INFO     | common.requests_api:auto_request:51 - 接口执行完毕
2022-12-01 12:26:58.220 | INFO     | common.requests_api:auto_request:29 - 开始请求接口:http://api.nnzhp.cn/api/user/user_reg
2022-12-01 12:26:58.289 | SUCCESS  | common.requests_api:auto_request:35 - 接口请求成功，等待返回数据。请求URL:http://api.nnzhp.cn/api/user/user_reg
2022-12-01 12:26:58.289 | SUCCESS  | common.requests_api:auto_request:47 - 接口请求执行成功，返回数据成功
2022-12-01 12:26:58.291 | INFO     | common.requests_api:auto_request:51 - 接口执行完毕
2022-12-01 12:26:58.313 | INFO     | common.requests_api:auto_request:29 - 开始请求接口:http://api.nnzhp.cn/api/user/login
2022-12-01 12:26:58.405 | SUCCESS  | common.requests_api:auto_request:35 - 接口请求成功，等待返回数据。请求URL:http://api.nnzhp.cn/api/user/login
2022-12-01 12:26:58.405 | SUCCESS  | common.requests_api:auto_request:47 - 接口请求执行成功，返回数据成功
2022-12-01 12:26:58.405 | INFO     | common.requests_api:auto_request:51 - 接口执行完毕
2022-12-01 12:26:58.435 | INFO     | common.requests_api:auto_request:29 - 开始请求接口:http://api.nnzhp.cn/api/user/login
2022-12-01 12:26:58.527 | SUCCESS  | common.requests_api:auto_request:35 - 接口请求成功，等待返回数据。请求URL:http://api.nnzhp.cn/api/user/login
2022-12-01 12:26:58.527 | SUCCESS  | common.requests_api:auto_request:47 - 接口请求执行成功，返回数据成功
2022-12-01 12:26:58.527 | INFO     | common.requests_api:auto_request:51 - 接口执行完毕
2022-12-01 12:26:58.543 | INFO     | common.requests_api:auto_request:29 - 开始请求接口:http://api.nnzhp.cn/api/user/login
2022-12-01 12:26:58.637 | SUCCESS  | common.requests_api:auto_request:35 - 接口请求成功，等待返回数据。请求URL:http://api.nnzhp.cn/api/user/login
2022-12-01 12:26:58.637 | SUCCESS  | common.requests_api:auto_request:47 - 接口请求执行成功，返回数据成功
2022-12-01 12:26:58.638 | INFO     | common.requests_api:auto_request:51 - 接口执行完毕
2022-12-01 12:26:58.652 | INFO     | common.requests_api:auto_request:29 - 开始请求接口:http://api.nnzhp.cn/api/user/login
2022-12-01 12:26:58.721 | SUCCESS  | common.requests_api:auto_request:35 - 接口请求成功，等待返回数据。请求URL:http://api.nnzhp.cn/api/user/login
2022-12-01 12:26:58.721 | SUCCESS  | common.requests_api:auto_request:47 - 接口请求执行成功，返回数据成功
2022-12-01 12:26:58.722 | INFO     | common.requests_api:auto_request:51 - 接口执行完毕
2022-12-01 12:26:58.747 | INFO     | common.requests_api:auto_request:29 - 开始请求接口:http://api.nnzhp.cn/api/user/login
2022-12-01 12:26:58.839 | SUCCESS  | common.requests_api:auto_request:35 - 接口请求成功，等待返回数据。请求URL:http://api.nnzhp.cn/api/user/login
2022-12-01 12:26:58.839 | SUCCESS  | common.requests_api:auto_request:47 - 接口请求执行成功，返回数据成功
2022-12-01 12:26:58.839 | INFO     | common.requests_api:auto_request:51 - 接口执行完毕
2022-12-01 12:26:58.855 | INFO     | common.requests_api:auto_request:29 - 开始请求接口:http://api.nnzhp.cn/api/product/all
2022-12-01 12:26:58.947 | SUCCESS  | common.requests_api:auto_request:32 - 接口请求成功，等待返回数据。请求URL:http://api.nnzhp.cn/api/product/all
2022-12-01 12:26:58.947 | SUCCESS  | common.requests_api:auto_request:43 - 接口请求执行成功，返回数据成功
2022-12-01 12:26:58.948 | INFO     | common.requests_api:auto_request:51 - 接口执行完毕
2022-12-01 12:26:58.949 | INFO     | common.requests_api:auto_request:29 - 开始请求接口:http://api.nnzhp.cn/api/product/add
2022-12-01 12:26:59.116 | SUCCESS  | common.requests_api:auto_request:35 - 接口请求成功，等待返回数据。请求URL:http://api.nnzhp.cn/api/product/add
2022-12-01 12:26:59.116 | SUCCESS  | common.requests_api:auto_request:47 - 接口请求执行成功，返回数据成功
2022-12-01 12:26:59.117 | INFO     | common.requests_api:auto_request:51 - 接口执行完毕
2022-12-01 12:26:59.131 | INFO     | common.requests_api:auto_request:29 - 开始请求接口:http://api.nnzhp.cn/api/user/user_reg
2022-12-01 12:26:59.199 | SUCCESS  | common.requests_api:auto_request:35 - 接口请求成功，等待返回数据。请求URL:http://api.nnzhp.cn/api/user/user_reg
2022-12-01 12:26:59.200 | SUCCESS  | common.requests_api:auto_request:47 - 接口请求执行成功，返回数据成功
2022-12-01 12:26:59.200 | INFO     | common.requests_api:auto_request:51 - 接口执行完毕
2022-12-01 12:27:12.366 | INFO     | common.base_api:__init__:15 - 正在连接数据库,数据库地址=localhost,用户名=root,数据库密码=root,数据库名称=testbase
2022-12-01 12:27:12.367 | SUCCESS  | common.base_api:__init__:27 - 连接数据库成功
2022-12-01 12:27:12.368 | SUCCESS  | common.base_api:select_all:61 - 执行查询SQL语句:select * from testcase_cjxm
2022-12-01 12:27:12.369 | SUCCESS  | common.base_api:select_all:66 - 数据库返回查询数据:[{'case_id': 1, 'case_num': 'test_CJXM_001', 'title': '注册接口', 'url': '/api/user/user_reg', 'method': 'POST', 'body': "{'username':'abctest','pwd':'Aa123456','cpwd':'Aa123456'}", 'headers': None, 'assert': "{'error_code':0},{'error_code':3005}", 'status': '200', 'token': None}, {'case_id': 2, 'case_num': 'test_CJXM_002', 'title': '登录', 'url': '/api/user/login', 'method': 'POST', 'body': "{ 'username': 'mytest','passwd': 'Abc123'}", 'headers': None, 'assert': "{'error_code':0}", 'status': '200', 'token': None}, {'case_id': 3, 'case_num': 'test_CJXM_003', 'title': '添加奖品(需上传文件)', 'url': '/api/product/add', 'method': 'POST', 'body': "{'name': '奖品名字2020', 'sign': 'b44109efbfe1007c1ad93a757d78e459', 'userid': '78926'}", 'headers': None, 'assert': "{'msg':'必须是管理员才可以添加奖品'}", 'status': '200', 'token': None}, {'case_id': 4, 'case_num': 'test_CJXM_004', 'title': '抽奖接口', 'url': '/api/product/choice', 'method': 'GET', 'body': "{'sign': 'b44109efbfe1007c1ad93a757d78e459', 'userid': '78926'}", 'headers': None, 'assert': "{'error_code':0},{'error_code':1099}", 'status': '200', 'token': None}, {'case_id': 5, 'case_num': 'test_CJXM_005', 'title': '查看中奖记录', 'url': '/api/user/win_record', 'method': 'GET', 'body': "{'sign': 'b44109efbfe1007c1ad93a757d78e459', 'userid': '78926'}", 'headers': None, 'assert': "{'error_code':0}", 'status': '200', 'token': None}, {'case_id': 6, 'case_num': 'test_CJXM_006', 'title': '获取所有奖品信息', 'url': '/api/product/all', 'method': 'GET', 'body': None, 'headers': None, 'assert': "{'error_code':0}", 'status': '200', 'token': None}]
2022-12-01 12:27:12.369 | SUCCESS  | common.base_api:close_base:36 - 关闭数据库成功
2022-12-01 12:27:12.371 | INFO     | common.base_api:__init__:15 - 正在连接数据库,数据库地址=localhost,用户名=root,数据库密码=root,数据库名称=testbase
2022-12-01 12:27:12.383 | SUCCESS  | common.base_api:__init__:27 - 连接数据库成功
2022-12-01 12:27:12.384 | SUCCESS  | common.base_api:select_all:61 - 执行查询SQL语句:select * from testcase_ndxs
2022-12-01 12:27:12.384 | SUCCESS  | common.base_api:select_all:66 - 数据库返回查询数据:[{'case_id': 1, 'case_num': 'test_NDXS_001', 'title': '获取学生信息', 'url': '/api/user/stu_info', 'method': 'GET', 'body': "{'stu_name':'小草'}", 'headers': None, 'assert': "{'error_code':0}", 'status': None, 'token': None}, {'case_id': 2, 'case_num': 'test_NDXS_002', 'title': '登录', 'url': '/api/user/login', 'method': 'POST', 'body': "{'username':'mytest','passwd':'Abc123'}", 'headers': None, 'assert': "{'error_code':0}", 'status': None, 'token': None}, {'case_id': 3, 'case_num': 'test_NDXS_003', 'title': '添加学生信息', 'url': '/api/user/add_stu', 'method': 'POST', 'body': "{'name': 'mytest', 'grade': '计算机2020班', 'phone': '13512341234'}", 'headers': None, 'assert': "{'msg':'手机号已经存在'}", 'status': None, 'token': ''}, {'case_id': 4, 'case_num': 'test_NDXS_004', 'title': '学生金币充值', 'url': '/api/user/gold_add', 'method': 'POST', 'body': "{'stu_id':'100002630','gold': 1}", 'headers': None, 'assert': "{'msg':'请登陆'}", 'status': None, 'token': 'b44109efbfe1007c1ad93a757d78e459'}, {'case_id': 5, 'case_num': 'test_NDXS_005', 'title': '获取所有学生信息', 'url': '/api/user/all_stu', 'method': 'GET', 'body': None, 'headers': "{'Referer':'http://api.nnzhp.cn/'}", 'assert': None, 'status': None, 'token': None}, {'case_id': 6, 'case_num': 'test_NDXS_006', 'title': '文件上传', 'url': '/api/file/file_upload', 'method': 'POST', 'body': None, 'headers': None, 'assert': "{'msg':'操作成功'}", 'status': None, 'token': None}]
2022-12-01 12:27:12.385 | SUCCESS  | common.base_api:close_base:36 - 关闭数据库成功
2022-12-01 12:27:12.388 | INFO     | common.requests_api:auto_request:29 - 开始请求接口:http://api.nnzhp.cn/api/user/login
2022-12-01 12:27:12.465 | SUCCESS  | common.requests_api:auto_request:35 - 接口请求成功，等待返回数据。请求URL:http://api.nnzhp.cn/api/user/login
2022-12-01 12:27:12.465 | SUCCESS  | common.requests_api:auto_request:47 - 接口请求执行成功，返回数据成功
2022-12-01 12:27:12.465 | INFO     | common.requests_api:auto_request:51 - 接口执行完毕
2022-12-01 12:27:12.478 | INFO     | common.requests_api:auto_request:29 - 开始请求接口:http://api.nnzhp.cn/api/user/login
2022-12-01 12:27:12.545 | SUCCESS  | common.requests_api:auto_request:35 - 接口请求成功，等待返回数据。请求URL:http://api.nnzhp.cn/api/user/login
2022-12-01 12:27:12.545 | SUCCESS  | common.requests_api:auto_request:47 - 接口请求执行成功，返回数据成功
2022-12-01 12:27:12.546 | INFO     | common.requests_api:auto_request:51 - 接口执行完毕
2022-12-01 12:27:12.556 | INFO     | common.requests_api:auto_request:29 - 开始请求接口:http://api.nnzhp.cn/api/user/login
2022-12-01 12:27:12.628 | SUCCESS  | common.requests_api:auto_request:35 - 接口请求成功，等待返回数据。请求URL:http://api.nnzhp.cn/api/user/login
2022-12-01 12:27:12.628 | SUCCESS  | common.requests_api:auto_request:47 - 接口请求执行成功，返回数据成功
2022-12-01 12:27:12.628 | INFO     | common.requests_api:auto_request:51 - 接口执行完毕
2022-12-01 12:27:12.650 | INFO     | common.requests_api:auto_request:29 - 开始请求接口:http://api.nnzhp.cn/api/user/login
2022-12-01 12:27:12.719 | SUCCESS  | common.requests_api:auto_request:35 - 接口请求成功，等待返回数据。请求URL:http://api.nnzhp.cn/api/user/login
2022-12-01 12:27:12.719 | SUCCESS  | common.requests_api:auto_request:47 - 接口请求执行成功，返回数据成功
2022-12-01 12:27:12.719 | INFO     | common.requests_api:auto_request:51 - 接口执行完毕
2022-12-01 12:27:12.729 | INFO     | common.requests_api:auto_request:29 - 开始请求接口:http://api.nnzhp.cn/api/user/login
2022-12-01 12:27:12.822 | SUCCESS  | common.requests_api:auto_request:35 - 接口请求成功，等待返回数据。请求URL:http://api.nnzhp.cn/api/user/login
2022-12-01 12:27:12.822 | SUCCESS  | common.requests_api:auto_request:47 - 接口请求执行成功，返回数据成功
2022-12-01 12:27:12.823 | INFO     | common.requests_api:auto_request:51 - 接口执行完毕
2022-12-01 12:27:12.837 | INFO     | common.requests_api:auto_request:29 - 开始请求接口:http://api.nnzhp.cn/api/product/all
2022-12-01 12:27:12.907 | SUCCESS  | common.requests_api:auto_request:32 - 接口请求成功，等待返回数据。请求URL:http://api.nnzhp.cn/api/product/all
2022-12-01 12:27:12.907 | SUCCESS  | common.requests_api:auto_request:43 - 接口请求执行成功，返回数据成功
2022-12-01 12:27:12.908 | INFO     | common.requests_api:auto_request:51 - 接口执行完毕
2022-12-01 12:27:12.908 | INFO     | common.requests_api:auto_request:29 - 开始请求接口:http://api.nnzhp.cn/api/product/add
2022-12-01 12:27:13.086 | SUCCESS  | common.requests_api:auto_request:35 - 接口请求成功，等待返回数据。请求URL:http://api.nnzhp.cn/api/product/add
2022-12-01 12:27:13.086 | SUCCESS  | common.requests_api:auto_request:47 - 接口请求执行成功，返回数据成功
2022-12-01 12:27:13.086 | INFO     | common.requests_api:auto_request:51 - 接口执行完毕
2022-12-01 12:27:13.100 | INFO     | common.requests_api:auto_request:29 - 开始请求接口:http://api.nnzhp.cn/api/user/user_reg
2022-12-01 12:27:13.180 | SUCCESS  | common.requests_api:auto_request:35 - 接口请求成功，等待返回数据。请求URL:http://api.nnzhp.cn/api/user/user_reg
2022-12-01 12:27:13.180 | SUCCESS  | common.requests_api:auto_request:47 - 接口请求执行成功，返回数据成功
2022-12-01 12:27:13.181 | INFO     | common.requests_api:auto_request:51 - 接口执行完毕
2022-12-01 12:27:13.206 | INFO     | common.requests_api:auto_request:29 - 开始请求接口:http://api.nnzhp.cn/api/user/login
2022-12-01 12:27:13.277 | SUCCESS  | common.requests_api:auto_request:35 - 接口请求成功，等待返回数据。请求URL:http://api.nnzhp.cn/api/user/login
2022-12-01 12:27:13.278 | SUCCESS  | common.requests_api:auto_request:47 - 接口请求执行成功，返回数据成功
2022-12-01 12:27:13.278 | INFO     | common.requests_api:auto_request:51 - 接口执行完毕
2022-12-01 12:27:13.303 | INFO     | common.requests_api:auto_request:29 - 开始请求接口:http://api.nnzhp.cn/api/user/login
2022-12-01 12:27:13.372 | SUCCESS  | common.requests_api:auto_request:35 - 接口请求成功，等待返回数据。请求URL:http://api.nnzhp.cn/api/user/login
2022-12-01 12:27:13.372 | SUCCESS  | common.requests_api:auto_request:47 - 接口请求执行成功，返回数据成功
2022-12-01 12:27:13.373 | INFO     | common.requests_api:auto_request:51 - 接口执行完毕
2022-12-01 12:27:13.396 | INFO     | common.requests_api:auto_request:29 - 开始请求接口:http://api.nnzhp.cn/api/user/login
2022-12-01 12:27:13.469 | SUCCESS  | common.requests_api:auto_request:35 - 接口请求成功，等待返回数据。请求URL:http://api.nnzhp.cn/api/user/login
2022-12-01 12:27:13.469 | SUCCESS  | common.requests_api:auto_request:47 - 接口请求执行成功，返回数据成功
2022-12-01 12:27:13.470 | INFO     | common.requests_api:auto_request:51 - 接口执行完毕
2022-12-01 12:27:13.489 | INFO     | common.requests_api:auto_request:29 - 开始请求接口:http://api.nnzhp.cn/api/user/login
2022-12-01 12:27:13.580 | SUCCESS  | common.requests_api:auto_request:35 - 接口请求成功，等待返回数据。请求URL:http://api.nnzhp.cn/api/user/login
2022-12-01 12:27:13.581 | SUCCESS  | common.requests_api:auto_request:47 - 接口请求执行成功，返回数据成功
2022-12-01 12:27:13.581 | INFO     | common.requests_api:auto_request:51 - 接口执行完毕
2022-12-01 12:27:13.597 | INFO     | common.requests_api:auto_request:29 - 开始请求接口:http://api.nnzhp.cn/api/user/login
2022-12-01 12:27:13.688 | SUCCESS  | common.requests_api:auto_request:35 - 接口请求成功，等待返回数据。请求URL:http://api.nnzhp.cn/api/user/login
2022-12-01 12:27:13.688 | SUCCESS  | common.requests_api:auto_request:47 - 接口请求执行成功，返回数据成功
2022-12-01 12:27:13.689 | INFO     | common.requests_api:auto_request:51 - 接口执行完毕
2022-12-01 12:27:13.705 | INFO     | common.requests_api:auto_request:29 - 开始请求接口:http://api.nnzhp.cn/api/product/all
2022-12-01 12:27:13.773 | SUCCESS  | common.requests_api:auto_request:32 - 接口请求成功，等待返回数据。请求URL:http://api.nnzhp.cn/api/product/all
2022-12-01 12:27:13.775 | SUCCESS  | common.requests_api:auto_request:43 - 接口请求执行成功，返回数据成功
2022-12-01 12:27:13.775 | INFO     | common.requests_api:auto_request:51 - 接口执行完毕
2022-12-01 12:27:13.776 | INFO     | common.requests_api:auto_request:29 - 开始请求接口:http://api.nnzhp.cn/api/product/add
2022-12-01 12:27:13.950 | SUCCESS  | common.requests_api:auto_request:35 - 接口请求成功，等待返回数据。请求URL:http://api.nnzhp.cn/api/product/add
2022-12-01 12:27:13.950 | SUCCESS  | common.requests_api:auto_request:47 - 接口请求执行成功，返回数据成功
2022-12-01 12:27:13.951 | INFO     | common.requests_api:auto_request:51 - 接口执行完毕
2022-12-01 12:27:13.965 | INFO     | common.requests_api:auto_request:29 - 开始请求接口:http://api.nnzhp.cn/api/user/user_reg
2022-12-01 12:27:14.059 | SUCCESS  | common.requests_api:auto_request:35 - 接口请求成功，等待返回数据。请求URL:http://api.nnzhp.cn/api/user/user_reg
2022-12-01 12:27:14.059 | SUCCESS  | common.requests_api:auto_request:47 - 接口请求执行成功，返回数据成功
2022-12-01 12:27:14.059 | INFO     | common.requests_api:auto_request:51 - 接口执行完毕
2022-12-01 12:27:14.087 | INFO     | common.requests_api:auto_request:29 - 开始请求接口:http://api.nnzhp.cn/api/user/login
2022-12-01 12:27:14.193 | SUCCESS  | common.requests_api:auto_request:35 - 接口请求成功，等待返回数据。请求URL:http://api.nnzhp.cn/api/user/login
2022-12-01 12:27:14.194 | SUCCESS  | common.requests_api:auto_request:47 - 接口请求执行成功，返回数据成功
2022-12-01 12:27:14.194 | INFO     | common.requests_api:auto_request:51 - 接口执行完毕
2022-12-01 12:27:14.211 | INFO     | common.requests_api:auto_request:29 - 开始请求接口:http://api.nnzhp.cn/api/user/login
2022-12-01 12:27:14.304 | SUCCESS  | common.requests_api:auto_request:35 - 接口请求成功，等待返回数据。请求URL:http://api.nnzhp.cn/api/user/login
2022-12-01 12:27:14.304 | SUCCESS  | common.requests_api:auto_request:47 - 接口请求执行成功，返回数据成功
2022-12-01 12:27:14.305 | INFO     | common.requests_api:auto_request:51 - 接口执行完毕
2022-12-01 12:27:14.321 | INFO     | common.requests_api:auto_request:29 - 开始请求接口:http://api.nnzhp.cn/api/user/login
2022-12-01 12:27:14.413 | SUCCESS  | common.requests_api:auto_request:35 - 接口请求成功，等待返回数据。请求URL:http://api.nnzhp.cn/api/user/login
2022-12-01 12:27:14.414 | SUCCESS  | common.requests_api:auto_request:47 - 接口请求执行成功，返回数据成功
2022-12-01 12:27:14.414 | INFO     | common.requests_api:auto_request:51 - 接口执行完毕
2022-12-01 12:27:14.428 | INFO     | common.requests_api:auto_request:29 - 开始请求接口:http://api.nnzhp.cn/api/user/login
2022-12-01 12:27:14.522 | SUCCESS  | common.requests_api:auto_request:35 - 接口请求成功，等待返回数据。请求URL:http://api.nnzhp.cn/api/user/login
2022-12-01 12:27:14.522 | SUCCESS  | common.requests_api:auto_request:47 - 接口请求执行成功，返回数据成功
2022-12-01 12:27:14.522 | INFO     | common.requests_api:auto_request:51 - 接口执行完毕
2022-12-01 12:27:14.537 | INFO     | common.requests_api:auto_request:29 - 开始请求接口:http://api.nnzhp.cn/api/user/login
2022-12-01 12:27:14.607 | SUCCESS  | common.requests_api:auto_request:35 - 接口请求成功，等待返回数据。请求URL:http://api.nnzhp.cn/api/user/login
2022-12-01 12:27:14.608 | SUCCESS  | common.requests_api:auto_request:47 - 接口请求执行成功，返回数据成功
2022-12-01 12:27:14.609 | INFO     | common.requests_api:auto_request:51 - 接口执行完毕
2022-12-01 12:27:14.631 | INFO     | common.requests_api:auto_request:29 - 开始请求接口:http://api.nnzhp.cn/api/product/all
2022-12-01 12:27:14.724 | SUCCESS  | common.requests_api:auto_request:32 - 接口请求成功，等待返回数据。请求URL:http://api.nnzhp.cn/api/product/all
2022-12-01 12:27:14.725 | SUCCESS  | common.requests_api:auto_request:43 - 接口请求执行成功，返回数据成功
2022-12-01 12:27:14.725 | INFO     | common.requests_api:auto_request:51 - 接口执行完毕
2022-12-01 12:27:14.726 | INFO     | common.requests_api:auto_request:29 - 开始请求接口:http://api.nnzhp.cn/api/product/add
2022-12-01 12:27:14.925 | SUCCESS  | common.requests_api:auto_request:35 - 接口请求成功，等待返回数据。请求URL:http://api.nnzhp.cn/api/product/add
2022-12-01 12:27:14.925 | SUCCESS  | common.requests_api:auto_request:47 - 接口请求执行成功，返回数据成功
2022-12-01 12:27:14.925 | INFO     | common.requests_api:auto_request:51 - 接口执行完毕
2022-12-01 12:27:14.944 | INFO     | common.requests_api:auto_request:29 - 开始请求接口:http://api.nnzhp.cn/api/user/user_reg
2022-12-01 12:27:15.037 | SUCCESS  | common.requests_api:auto_request:35 - 接口请求成功，等待返回数据。请求URL:http://api.nnzhp.cn/api/user/user_reg
2022-12-01 12:27:15.038 | SUCCESS  | common.requests_api:auto_request:47 - 接口请求执行成功，返回数据成功
2022-12-01 12:27:15.038 | INFO     | common.requests_api:auto_request:51 - 接口执行完毕
